s6/PlayMedia/app/build/outputs/logs/manifest-merger-debug-report.txt
-- Merging decision tree log ---
manifest
ADDED from src\main\AndroidManifest.xml:2:1-23:12
	package
		ADDED from src\main\AndroidManifest.xml:3:7-42
		INJECTED from src\main\AndroidManifest.xml
		INJECTED from src\main\AndroidManifest.xml
	android:versionName
		ADDED from src\main\AndroidManifest.xml:5:7-32
		INJECTED from src\main\AndroidManifest.xml
		INJECTED from src\main\AndroidManifest.xml
	android:versionCode
		ADDED from src\main\AndroidManifest.xml:4:7-30
		INJECTED from src\main\AndroidManifest.xml
		INJECTED from src\main\AndroidManifest.xml
	xmlns:android
		ADDED from src\main\AndroidManifest.xml:2:11-69
uses-sdk
ADDED from src\main\AndroidManifest.xml:6:5-43
	android:targetSdkVersion
		INJECTED from src\main\AndroidManifest.xml
		INJECTED from src\main\AndroidManifest.xml
	android:minSdkVersion
		ADDED from src\main\AndroidManifest.xml:6:15-40
		INJECTED from src\main\AndroidManifest.xml
		INJECTED from src\main\AndroidManifest.xml
application
ADDED from src\main\AndroidManifest.xml:8:5-22:19
	android:label
		ADDED from src\main\AndroidManifest.xml:8:48-80
	android:icon
		ADDED from src\main\AndroidManifest.xml:8:18-47
activity#com.androidbook.playmedia.PlayMediaActivity
ADDED from src\main\AndroidManifest.xml:9:9-15:20
	android:label
		ADDED from src\main\AndroidManifest.xml:10:19-51
	android:name
		ADDED from src\main\AndroidManifest.xml:9:19-52
intent-filter#android.intent.action.MAIN+android.intent.category.LAUNCHER
ADDED from src\main\AndroidManifest.xml:11:13-14:29
action#android.intent.action.MAIN
ADDED from src\main\AndroidManifest.xml:12:17-69
	android:name
		ADDED from src\main\AndroidManifest.xml:12:25-66
category#android.intent.category.LAUNCHER
ADDED from src\main\AndroidManifest.xml:13:17-77
	android:name
		ADDED from src\main\AndroidManifest.xml:13:27-74
service#com.androidbook.playmedia.Music
ADDED from src\main\AndroidManifest.xml:17:3-21:13
	android:name
		ADDED from src\main\AndroidManifest.xml:17:12-33
intent-filter#com.androidbook.playmedia.Music
ADDED from src\main\AndroidManifest.xml:18:4-20:20
action#com.androidbook.playmedia.Music
ADDED from src\main\AndroidManifest.xml:19:5-61
	android:name
		ADDED from src\main\AndroidManifest.xml:19:13-59